Importer Log Report
Project : G2G-A Module.PrjPcb

Section : Analyze Document - C:\Users\Justin\Downloads\Grove-to-Gadgeteer-dev (2)\Grove-to-Gadgeteer-dev\Hardware\G2G-A Module\G2G-A Module.brd
    Analyzing data of C:\Users\Justin\Downloads\Grove-to-Gadgeteer-dev (2)\Grove-to-Gadgeteer-dev\Hardware\G2G-A Module\G2G-A Module.brd
    Load settings
    Load layers 122
    Load Library "SparkFun-Aesthetics"
    Load Packages 2
    Load Library "SoftDust"
    Load Packages 3
EndSection

Section : Analyze Document - C:\Users\Justin\Downloads\Grove-to-Gadgeteer-dev (2)\Grove-to-Gadgeteer-dev\Hardware\G2G-A Module\G2G-A Module.sch
    Analyzing data of C:\Users\Justin\Downloads\Grove-to-Gadgeteer-dev (2)\Grove-to-Gadgeteer-dev\Hardware\G2G-A Module\G2G-A Module.sch
    Load settings
    Load layers 122
    Load schematic
    ERROR: Unhandled typedescription
    Load Libraries 4
    Load Library "SoftDust"
    Load Packages 4
    Load Symbols 3
    Load DeviceSets 3
    Load Library "SparkFun-Aesthetics"
    Load Packages 5
    Load Symbols 3
    Load DeviceSets 2
    Load Library "supply1"
    Load Packages 0
    Load Symbols 1
    Load DeviceSets 1
    Load Library "supply2"
    Load Packages 0
    Load Symbols 1
    Load DeviceSets 1
    Load Attributes 0
    Load Classes 1
    Load Parts 9
    Load Sheets 1
EndSection
